<?xml version="1.0" encoding="UTF-8" ?>
<testsuite failures="0" time="0.001" errors="0" skipped="0" tests="0" name="com.tan.test.MyTest">
  <properties>
    <property name="java.runtime.name" value="Java(TM) SE Runtime Environment"/>
    <property name="sun.boot.library.path" value="G:\ProgramFiles\Java\jdk1.7.0_79\jre\bin"/>
    <property name="java.vm.version" value="24.79-b02"/>
    <property name="java.vm.vendor" value="Oracle Corporation"/>
    <property name="java.vendor.url" value="http://java.oracle.com/"/>
    <property name="path.separator" value=";"/>
    <property name="guice.disable.misplaced.annotation.check" value="true"/>
    <property name="java.vm.name" value="Java HotSpot(TM) 64-Bit Server VM"/>
    <property name="file.encoding.pkg" value="sun.io"/>
    <property name="user.script" value=""/>
    <property name="user.country" value="CN"/>
    <property name="sun.java.launcher" value="SUN_STANDARD"/>
    <property name="sun.os.patch.level" value="Service Pack 1"/>
    <property name="java.vm.specification.name" value="Java Virtual Machine Specification"/>
    <property name="user.dir" value="G:\20160618html5appjava-5\tan.maven.springmvc Maven Webapp"/>
    <property name="java.runtime.version" value="1.7.0_79-b15"/>
    <property name="java.awt.graphicsenv" value="sun.awt.Win32GraphicsEnvironment"/>
    <property name="java.endorsed.dirs" value="G:\ProgramFiles\Java\jdk1.7.0_79\jre\lib\endorsed"/>
    <property name="os.arch" value="amd64"/>
    <property name="java.io.tmpdir" value="C:\Users\ADMINI~1\AppData\Local\Temp\"/>
    <property name="line.separator" value="
"/>
    <property name="java.vm.specification.vendor" value="Oracle Corporation"/>
    <property name="user.variant" value=""/>
    <property name="os.name" value="Windows 7"/>
    <property name="classworlds.conf" value="G:\20160618html5appjava-5\.metadata\.plugins\org.eclipse.m2e.launching\launches\m2conf8470190051253496653.tmp"/>
    <property name="sun.jnu.encoding" value="GBK"/>
    <property name="java.library.path" value="G:\ProgramFiles\Java\jdk1.7.0_79\bin;C:\Windows\Sun\Java\bin;C:\Windows\system32;C:\Windows;G:/ProgramFiles/java/jdk1.7.0_79/bin/../jre/bin/server;G:/ProgramFiles/java/jdk1.7.0_79/bin/../jre/bin;G:/ProgramFiles/java/jdk1.7.0_79/bin/../jre/lib/amd64;G:\ProgramFiles\java\jdk1.7.0_79\bin;G:\ProgramFiles\java\jdk1.7.0_79\jre\bin;D:\Program Files\Java\apache-maven-3.3.1\bin;C:\Windows\System32;C:\Windows;C:\Windows\system32\wbem;G:\ProgramFiles\MySQL\MySQLServer5.7\bin;G:\ProgramFiles\MySQL\MySQLServer5.7\bin;G:\ProgramFiles\Java\eclipse;;."/>
    <property name="java.specification.name" value="Java Platform API Specification"/>
    <property name="java.class.version" value="51.0"/>
    <property name="sun.management.compiler" value="HotSpot 64-Bit Tiered Compilers"/>
    <property name="os.version" value="6.1"/>
    <property name="user.home" value="C:\Users\Administrator"/>
    <property name="user.timezone" value="Asia/Shanghai"/>
    <property name="java.awt.printerjob" value="sun.awt.windows.WPrinterJob"/>
    <property name="java.specification.version" value="1.7"/>
    <property name="file.encoding" value="GBK"/>
    <property name="user.name" value="Administrator"/>
    <property name="java.class.path" value="/G:/ProgramFiles/Java/eclipse/configuration/org.eclipse.osgi/bundles/531/1/.cp/jars/plexus-classworlds-2.4.jar"/>
    <property name="java.vm.specification.version" value="1.7"/>
    <property name="sun.arch.data.model" value="64"/>
    <property name="java.home" value="G:\ProgramFiles\Java\jdk1.7.0_79\jre"/>
    <property name="sun.java.command" value="org.codehaus.plexus.classworlds.launcher.Launcher -B install"/>
    <property name="java.specification.vendor" value="Oracle Corporation"/>
    <property name="user.language" value="zh"/>
    <property name="awt.toolkit" value="sun.awt.windows.WToolkit"/>
    <property name="java.vm.info" value="mixed mode"/>
    <property name="java.version" value="1.7.0_79"/>
    <property name="java.ext.dirs" value="G:\ProgramFiles\Java\jdk1.7.0_79\jre\lib\ext;C:\Windows\Sun\Java\lib\ext"/>
    <property name="sun.boot.class.path" value="G:\ProgramFiles\Java\jdk1.7.0_79\jre\lib\resources.jar;G:\ProgramFiles\Java\jdk1.7.0_79\jre\lib\rt.jar;G:\ProgramFiles\Java\jdk1.7.0_79\jre\lib\jsse.jar;G:\ProgramFiles\Java\jdk1.7.0_79\jre\lib\jce.jar;G:\ProgramFiles\Java\jdk1.7.0_79\jre\lib\charsets.jar;G:\ProgramFiles\Java\jdk1.7.0_79\jre\lib\jfr.jar;G:\ProgramFiles\Java\jdk1.7.0_79\lib\tools.jar"/>
    <property name="java.vendor" value="Oracle Corporation"/>
    <property name="maven.home" value="G:\20160618html5appjava-5\tan.maven.springmvc Maven Webapp\EMBEDDED"/>
    <property name="file.separator" value="\"/>
    <property name="java.vendor.url.bug" value="http://bugreport.sun.com/bugreport/"/>
    <property name="maven.bootclasspath" value="/G:/ProgramFiles/Java/eclipse/configuration/org.eclipse.osgi/bundles/531/1/.cp/jars/plexus-classworlds-2.4.jar"/>
    <property name="sun.cpu.endian" value="little"/>
    <property name="sun.io.unicode.encoding" value="UnicodeLittle"/>
    <property name="sun.desktop" value="windows"/>
    <property name="sun.cpu.isalist" value="amd64"/>
  </properties>
</testsuite>